[    0.000000] Linux version 4.15.0-55-generic (buildd@lcy01-amd64-029) (gcc version 7.4.0 (Ubuntu 7.4.0-1ubuntu1~18.04.1)) #60-Ubuntu SMP Tue Jul 2 18:22:20 UTC 2019 (Ubuntu 4.15.0-55.60-generic 4.15.18)
[    0.000000] Command line: BOOT_IMAGE=/boot/vmlinuz-4.15.0-55-generic root=LABEL=cloudimg-rootfs ro console=tty1 console=ttyS0
[    0.000000] KERNEL supported cpus:
[    0.000000]   Intel GenuineIntel
[    0.000000]   AMD AuthenticAMD
[    0.000000]   Centaur CentaurHauls
[    0.000000] x86/fpu: Supporting XSAVE feature 0x001: 'x87 floating point registers'
[    0.000000] x86/fpu: Supporting XSAVE feature 0x002: 'SSE registers'
[    0.000000] x86/fpu: Supporting XSAVE feature 0x004: 'AVX registers'
[    0.000000] x86/fpu: xstate_offset[2]:  576, xstate_sizes[2]:  256
[    0.000000] x86/fpu: Enabled xstate features 0x7, context size is 832 bytes, using 'standard' format.
[    0.000000] e820: BIOS-provided physical RAM map:
[    0.000000] BIOS-e820: [mem 0x0000000000000000-0x000000000009fbff] usable
[    0.000000] BIOS-e820: [mem 0x000000000009fc00-0x000000000009ffff] reserved
[    0.000000] BIOS-e820: [mem 0x00000000000f0000-0x00000000000fffff] reserved
[    0.000000] BIOS-e820: [mem 0x0000000000100000-0x000000001ffeffff] usable
[    0.000000] BIOS-e820: [mem 0x000000001fff0000-0x000000001fffffff] ACPI data
[    0.000000] BIOS-e820: [mem 0x00000000fec00000-0x00000000fec00fff] reserved
[    0.000000] BIOS-e820: [mem 0x00000000fee00000-0x00000000fee00fff] reserved
[    0.000000] BIOS-e820: [mem 0x00000000fffc0000-0x00000000ffffffff] reserved
[    0.000000] NX (Execute Disable) protection: active
[    0.000000] SMBIOS 2.5 present.
[    0.000000] DMI: innotek GmbH VirtualBox/VirtualBox, BIOS VirtualBox 12/01/2006
[    0.000000] Hypervisor detected: KVM
[    0.000000] e820: last_pfn = 0x1fff0 max_arch_pfn = 0x400000000
[    0.000000] MTRR: Disabled
[    0.000000] x86/PAT: MTRRs disabled, skipping PAT initialization too.
[    0.000000] CPU MTRRs all blank - virtualized system.
[    0.000000] x86/PAT: Configuration [0-7]: WB  WT  UC- UC  WB  WT  UC- UC  
[    0.000000] found SMP MP-table at [mem 0x0009fff0-0x0009ffff] mapped at [        (ptrval)]
[    0.000000] Scanning 1 areas for low memory corruption
[    0.000000] RAMDISK: [mem 0x1dbd1000-0x1ee7dfff]
[    0.000000] ACPI: Early table checksum verification disabled
[    0.000000] ACPI: RSDP 0x00000000000E0000 000024 (v02 VBOX  )
[    0.000000] ACPI: XSDT 0x000000001FFF0030 00003C (v01 VBOX   VBOXXSDT 00000001 ASL  00000061)
[    0.000000] ACPI: FACP 0x000000001FFF00F0 0000F4 (v04 VBOX   VBOXFACP 00000001 ASL  00000061)
[    0.000000] ACPI: DSDT 0x000000001FFF0470 0021FF (v02 VBOX   VBOXBIOS 00000002 INTL 20180105)
[    0.000000] ACPI: FACS 0x000000001FFF0200 000040
[    0.000000] ACPI: FACS 0x000000001FFF0200 000040
[    0.000000] ACPI: APIC 0x000000001FFF0240 000054 (v02 VBOX   VBOXAPIC 00000001 ASL  00000061)
[    0.000000] ACPI: SSDT 0x000000001FFF02A0 0001CC (v01 VBOX   VBOXCPUT 00000002 INTL 20180105)
[    0.000000] No NUMA configuration found
[    0.000000] Faking a node at [mem 0x0000000000000000-0x000000001ffeffff]
[    0.000000] NODE_DATA(0) allocated [mem 0x1ffc5000-0x1ffeffff]
[    0.000000] kvm-clock: cpu 0, msr 0:1ff44001, primary cpu clock
[    0.000000] kvm-clock: Using msrs 4b564d01 and 4b564d00
[    0.000000] kvm-clock: using sched offset of 4516200169 cycles
[    0.000000] clocksource: kvm-clock: mask: 0xffffffffffffffff max_cycles: 0x1cd42e4dffb, max_idle_ns: 881590591483 ns
[    0.000000] Zone ranges:
[    0.000000]   DMA      [mem 0x0000000000001000-0x0000000000ffffff]
[    0.000000]   DMA32    [mem 0x0000000001000000-0x000000001ffeffff]
[    0.000000]   Normal   empty
[    0.000000]   Device   empty
[    0.000000] Movable zone start for each node
[    0.000000] Early memory node ranges
[    0.000000]   node   0: [mem 0x0000000000001000-0x000000000009efff]
[    0.000000]   node   0: [mem 0x0000000000100000-0x000000001ffeffff]
[    0.000000] Reserved but unavailable: 114 pages
[    0.000000] Initmem setup node 0 [mem 0x0000000000001000-0x000000001ffeffff]
[    0.000000] ACPI: PM-Timer IO Port: 0x4008
[    0.000000] IOAPIC[0]: apic_id 1, version 32, address 0xfec00000, GSI 0-23
[    0.000000] ACPI: INT_SRC_OVR (bus 0 bus_irq 0 global_irq 2 dfl dfl)
[    0.000000] ACPI: INT_SRC_OVR (bus 0 bus_irq 9 global_irq 9 low level)
[    0.000000] Using ACPI (MADT) for SMP configuration information
[    0.000000] smpboot: Allowing 1 CPUs, 0 hotplug CPUs
[    0.000000] PM: Registered nosave memory: [mem 0x00000000-0x00000fff]
[    0.000000] PM: Registered nosave memory: [mem 0x0009f000-0x0009ffff]
[    0.000000] PM: Registered nosave memory: [mem 0x000a0000-0x000effff]
[    0.000000] PM: Registered nosave memory: [mem 0x000f0000-0x000fffff]
[    0.000000] e820: [mem 0x20000000-0xfebfffff] available for PCI devices
[    0.000000] Booting paravirtualized kernel on KVM
[    0.000000] clocksource: refined-jiffies: mask: 0xffffffff max_cycles: 0xffffffff, max_idle_ns: 7645519600211568 ns
[    0.000000] random: get_random_bytes called from start_kernel+0x99/0x4fd with crng_init=0
[    0.000000] setup_percpu: NR_CPUS:8192 nr_cpumask_bits:1 nr_cpu_ids:1 nr_node_ids:1
[    0.000000] percpu: Embedded 46 pages/cpu @        (ptrval) s151552 r8192 d28672 u2097152
[    0.000000] PV qspinlock hash table entries: 256 (order: 0, 4096 bytes)
[    0.000000] Built 1 zonelists, mobility grouping on.  Total pages: 128889
[    0.000000] Policy zone: DMA32
[    0.000000] Kernel command line: BOOT_IMAGE=/boot/vmlinuz-4.15.0-55-generic root=LABEL=cloudimg-rootfs ro console=tty1 console=ttyS0
[    0.000000] Memory: 467548K/523832K available (12300K kernel code, 2473K rwdata, 4276K rodata, 2408K init, 2416K bss, 56284K reserved, 0K cma-reserved)
[    0.000000] SLUB: HWalign=64, Order=0-3, MinObjects=0, CPUs=1, Nodes=1
[    0.000000] Kernel/User page tables isolation: enabled
[    0.000000] ftrace: allocating 39219 entries in 154 pages
[    0.004000] Hierarchical RCU implementation.
[    0.004000] 	RCU restricting CPUs from NR_CPUS=8192 to nr_cpu_ids=1.
[    0.004000] 	Tasks RCU enabled.
[    0.004000] RCU: Adjusting geometry for rcu_fanout_leaf=16, nr_cpu_ids=1
[    0.004000] NR_IRQS: 524544, nr_irqs: 256, preallocated irqs: 16
[    0.004000] Console: colour VGA+ 80x25
[    0.004000] console [tty1] enabled
[    0.004000] console [ttyS0] enabled
[    0.004000] ACPI: Core revision 20170831
[    0.004000] ACPI: 2 ACPI AML tables successfully acquired and loaded
[    0.004000] APIC: Switch to symmetric I/O mode setup
[    0.004727] x2apic enabled
[    0.006808] Switched APIC routing to physical x2apic.
[    0.010861] ..TIMER: vector=0x30 apic1=0 pin1=2 apic2=-1 pin2=-1
[    0.012018] tsc: Detected 1795.920 MHz processor
[    0.016029] Calibrating delay loop (skipped) preset value.. 3591.84 BogoMIPS (lpj=7183680)
[    0.020015] pid_max: default: 32768 minimum: 301
[    0.024103] Security Framework initialized
[    0.028019] Yama: becoming mindful.
[    0.032080] AppArmor: AppArmor initialized
[    0.036192] Dentry cache hash table entries: 65536 (order: 7, 524288 bytes)
[    0.040085] Inode-cache hash table entries: 32768 (order: 6, 262144 bytes)
[    0.044055] Mount-cache hash table entries: 1024 (order: 1, 8192 bytes)
[    0.048031] Mountpoint-cache hash table entries: 1024 (order: 1, 8192 bytes)
[    0.052560] mce: CPU supports 0 MCE banks
[    0.056045] process: using mwait in idle threads
[    0.059517] Last level iTLB entries: 4KB 512, 2MB 8, 4MB 8
[    0.060015] Last level dTLB entries: 4KB 512, 2MB 32, 4MB 32, 1GB 0
[    0.064019] Spectre V2 : Mitigation: Full generic retpoline
[    0.068013] Spectre V2 : Spectre v2 / SpectreRSB mitigation: Filling RSB on context switch
[    0.072014] Speculative Store Bypass: Vulnerable
[    0.076117] MDS: Mitigation: Clear CPU buffers
[    0.112733] Freeing SMP alternatives memory: 36K
[    0.120000] smpboot: CPU0: Intel(R) Core(TM) i3-3217U CPU @ 1.80GHz (family: 0x6, model: 0x3a, stepping: 0x9)
[    0.120289] Performance Events: unsupported p6 CPU model 58 no PMU driver, software events only.
[    0.124187] Hierarchical SRCU implementation.
[    0.129565] NMI watchdog: Perf event create on CPU 0 failed with -2
[    0.132015] NMI watchdog: Perf NMI watchdog permanently disabled
[    0.136180] smp: Bringing up secondary CPUs ...
[    0.140016] smp: Brought up 1 node, 1 CPU
[    0.144016] smpboot: Max logical packages: 1
[    0.148019] smpboot: Total of 1 processors activated (3591.84 BogoMIPS)
[    0.152365] devtmpfs: initialized
[    0.156183] x86/mm: Memory block size: 128MB
[    0.160378] evm: security.selinux
[    0.164026] evm: security.SMACK64
[    0.168015] evm: security.SMACK64EXEC
[    0.172015] evm: security.SMACK64TRANSMUTE
[    0.176015] evm: security.SMACK64MMAP
[    0.180023] evm: security.apparmor
[    0.184016] evm: security.ima
[    0.188014] evm: security.capability
[    0.192452] clocksource: jiffies: mask: 0xffffffff max_cycles: 0xffffffff, max_idle_ns: 7645041785100000 ns
[    0.196045] futex hash table entries: 256 (order: 2, 16384 bytes)
[    0.200136] pinctrl core: initialized pinctrl subsystem
[    0.204300] RTC time:  3:08:06, date: 08/16/19
[    0.208291] NET: Registered protocol family 16
[    0.212233] audit: initializing netlink subsys (disabled)
[    0.216387] cpuidle: using governor ladder
[    0.220032] audit: type=2000 audit(1565924890.147:1): state=initialized audit_enabled=0 res=1
[    0.224029] cpuidle: using governor menu
[    0.228603] ACPI: bus type PCI registered
[    0.232022] acpiphp: ACPI Hot Plug PCI Controller Driver version: 0.5
[    0.236300] PCI: Using configuration type 1 for base access
[    0.244973] HugeTLB registered 2.00 MiB page size, pre-allocated 0 pages
[    0.248416] ACPI: Added _OSI(Module Device)
[    0.250154] ACPI: Added _OSI(Processor Device)
[    0.252029] ACPI: Added _OSI(3.0 _SCP Extensions)
[    0.256017] ACPI: Added _OSI(Processor Aggregator Device)
[    0.260074] ACPI: Added _OSI(Linux-Dell-Video)
[    0.262132] ACPI: Added _OSI(Linux-Lenovo-NV-HDMI-Audio)
[    0.264017] ACPI: Added _OSI(Linux-HPI-Hybrid-Graphics)
[    0.268608] ACPI: Executed 1 blocks of module-level executable AML code
[    0.282517] ACPI: Interpreter enabled
[    0.284056] ACPI: (supports S0 S5)
[    0.288026] ACPI: Using IOAPIC for interrupt routing
[    0.292939] PCI: Using host bridge windows from ACPI; if necessary, use "pci=nocrs" and report a bug
[    0.296375] ACPI: Enabled 2 GPEs in block 00 to 07
[    0.315736] ACPI: PCI Root Bridge [PCI0] (domain 0000 [bus 00-ff])
[    0.316039] acpi PNP0A03:00: _OSC: OS supports [ASPM ClockPM Segments MSI]
[    0.320115] acpi PNP0A03:00: _OSC: not requesting OS control; OS requires [ExtendedConfig ASPM ClockPM MSI]
[    0.324077] acpi PNP0A03:00: fail to add MMCONFIG information, can't access extended PCI configuration space under this bridge.
[    0.329134] PCI host bridge to bus 0000:00
[    0.332024] pci_bus 0000:00: root bus resource [io  0x0000-0x0cf7 window]
[    0.336023] pci_bus 0000:00: root bus resource [io  0x0d00-0xffff window]
[    0.340025] pci_bus 0000:00: root bus resource [mem 0x000a0000-0x000bffff window]
[    0.344019] pci_bus 0000:00: root bus resource [mem 0x20000000-0xfdffffff window]
[    0.348022] pci_bus 0000:00: root bus resource [bus 00-ff]
[    0.361041] pci 0000:00:01.1: legacy IDE quirk: reg 0x10: [io  0x01f0-0x01f7]
[    0.364022] pci 0000:00:01.1: legacy IDE quirk: reg 0x14: [io  0x03f6]
[    0.368026] pci 0000:00:01.1: legacy IDE quirk: reg 0x18: [io  0x0170-0x0177]
[    0.372022] pci 0000:00:01.1: legacy IDE quirk: reg 0x1c: [io  0x0376]
[    0.428088] pci 0000:00:07.0: quirk: [io  0x4000-0x403f] claimed by PIIX4 ACPI
[    0.432066] pci 0000:00:07.0: quirk: [io  0x4100-0x410f] claimed by PIIX4 SMB
[    0.465646] ACPI: PCI Interrupt Link [LNKA] (IRQs 5 9 10 *11)
[    0.468658] ACPI: PCI Interrupt Link [LNKB] (IRQs 5 9 *10 11)
[    0.472429] ACPI: PCI Interrupt Link [LNKC] (IRQs 5 *9 10 11)
[    0.476299] ACPI: PCI Interrupt Link [LNKD] (IRQs 5 9 10 *11)
[    0.484377] SCSI subsystem initialized
[    0.488000] pci 0000:00:02.0: vgaarb: setting as boot VGA device
[    0.488000] pci 0000:00:02.0: vgaarb: VGA device added: decodes=io+mem,owns=io+mem,locks=none
[    0.488018] pci 0000:00:02.0: vgaarb: bridge control possible
[    0.492014] vgaarb: loaded
[    0.496111] ACPI: bus type USB registered
[    0.500114] usbcore: registered new interface driver usbfs
[    0.504054] usbcore: registered new interface driver hub
[    0.508063] usbcore: registered new device driver usb
[    0.512255] EDAC MC: Ver: 3.0.0
[    0.516893] PCI: Using ACPI for IRQ routing
[    0.520878] NetLabel: Initializing
[    0.524016] NetLabel:  domain hash size = 128
[    0.528013] NetLabel:  protocols = UNLABELED CIPSOv4 CALIPSO
[    0.532052] NetLabel:  unlabeled traffic allowed by default
[    0.536317] clocksource: Switched to clocksource kvm-clock
[    0.612837] VFS: Disk quotas dquot_6.6.0
[    0.649772] VFS: Dquot-cache hash table entries: 512 (order 0, 4096 bytes)
[    0.655935] AppArmor: AppArmor Filesystem Enabled
[    0.661016] pnp: PnP ACPI init
[    0.691928] pnp: PnP ACPI: found 3 devices
[    0.797588] clocksource: acpi_pm: mask: 0xffffff max_cycles: 0xffffff, max_idle_ns: 2085701024 ns
[    0.801243] NET: Registered protocol family 2
[    0.803401] TCP established hash table entries: 4096 (order: 3, 32768 bytes)
[    0.823613] TCP bind hash table entries: 4096 (order: 4, 65536 bytes)
[    0.869684] TCP: Hash tables configured (established 4096 bind 4096)
[    0.885632] UDP hash table entries: 256 (order: 1, 8192 bytes)
[    0.894294] UDP-Lite hash table entries: 256 (order: 1, 8192 bytes)
[    0.897608] NET: Registered protocol family 1
[    0.911418] pci 0000:00:00.0: Limiting direct PCI/PCI transfers
[    0.952082] pci 0000:00:01.0: Activating ISA DMA hang workarounds
[    0.971113] pci 0000:00:02.0: Video device with shadowed ROM at [mem 0x000c0000-0x000dffff]
[    1.014847] Unpacking initramfs...
[    1.589618] Freeing initrd memory: 19124K
[    1.600897] clocksource: tsc: mask: 0xffffffffffffffff max_cycles: 0x19e31b7216c, max_idle_ns: 440795249889 ns
[    1.608131] platform rtc_cmos: registered platform RTC device (no PNP device found)
[    1.617229] Scanning for low memory corruption every 60 seconds
[    1.681381] Initialise system trusted keyrings
[    1.686655] Key type blacklist registered
[    1.691766] workingset: timestamp_bits=36 max_order=17 bucket_order=0
[    1.696111] zbud: loaded
[    1.699284] squashfs: version 4.0 (2009/01/31) Phillip Lougher
[    1.718465] fuse init (API version 7.26)
[    1.878819] Key type asymmetric registered
[    1.883541] Asymmetric key parser 'x509' registered
[    1.888894] Block layer SCSI generic (bsg) driver version 0.4 loaded (major 246)
[    1.897233] io scheduler noop registered
[    1.913135] io scheduler deadline registered
[    1.943544] io scheduler cfq registered (default)
[    2.010533] ACPI: AC Adapter [AC] (on-line)
[    2.012530] input: Power Button as /devices/LNXSYSTM:00/LNXPWRBN:00/input/input0
[    2.020561] ACPI: Power Button [PWRF]
[    2.040725] input: Sleep Button as /devices/LNXSYSTM:00/LNXSLPBN:00/input/input1
[    2.052419] ACPI: Sleep Button [SLPF]
[    2.101764] ACPI: Battery Slot [BAT0] (battery present)
[    2.104104] Serial: 8250/16550 driver, 32 ports, IRQ sharing enabled
[    2.135687] 00:02: ttyS0 at I/O 0x3f8 (irq = 4, base_baud = 115200) is a 16550A
[    2.143060] Linux agpgart interface v0.103
[    2.163071] loop: module loaded
[    2.166524] scsi host0: ata_piix
[    2.200024] scsi host1: ata_piix
[    2.201531] ata1: PATA max UDMA/33 cmd 0x1f0 ctl 0x3f6 bmdma 0xd000 irq 14
[    2.204324] ata2: PATA max UDMA/33 cmd 0x170 ctl 0x376 bmdma 0xd008 irq 15
[    2.221548] libphy: Fixed MDIO Bus: probed
[    2.223471] tun: Universal TUN/TAP device driver, 1.6
[    2.246453] PPP generic driver version 2.4.2
[    2.250286] ehci_hcd: USB 2.0 'Enhanced' Host Controller (EHCI) Driver
[    2.252970] ehci-pci: EHCI PCI platform driver
[    2.260851] ehci-platform: EHCI generic platform driver
[    2.290028] ohci_hcd: USB 1.1 'Open' Host Controller (OHCI) Driver
[    2.350714] ohci-pci: OHCI PCI platform driver
[    2.352723] ohci-platform: OHCI generic platform driver
[    2.381181] uhci_hcd: USB Universal Host Controller Interface driver
[    2.383910] i8042: PNP: PS/2 Controller [PNP0303:PS2K,PNP0f03:PS2M] at 0x60,0x64 irq 1,12
[    2.403298] serio: i8042 KBD port at 0x60,0x64 irq 1
[    2.420599] serio: i8042 AUX port at 0x60,0x64 irq 12
[    2.423062] mousedev: PS/2 mouse device common for all mice
[    2.440617] input: AT Translated Set 2 keyboard as /devices/platform/i8042/serio0/input/input2
[    2.480762] rtc_cmos rtc_cmos: rtc core: registered rtc_cmos as rtc0
[    2.491808] rtc_cmos rtc_cmos: alarms up to one day, 114 bytes nvram
[    2.494421] i2c /dev entries driver
[    2.497258] device-mapper: uevent: version 1.0.3
[    2.499413] device-mapper: ioctl: 4.37.0-ioctl (2017-09-20) initialised: dm-devel@redhat.com
[    2.502784] ledtrig-cpu: registered to indicate activity on CPUs
[    2.505620] NET: Registered protocol family 10
[    2.512429] Segment Routing with IPv6
[    2.515174] NET: Registered protocol family 17
[    2.517012] Key type dns_resolver registered
[    2.518964] RAS: Correctable Errors collector initialized.
[    2.521184] sched_clock: Marking stable (2521116741, 0)->(5863297710, -3342180969)
[    2.532386] registered taskstats version 1
[    2.534260] Loading compiled-in X.509 certificates
[    2.554916] Loaded X.509 cert 'Build time autogenerated kernel key: 2ed9c0a78927f1fed24db33f01fd983502d97350'
[    2.572430] zswap: loaded using pool lzo/zbud
[    2.580420] Key type big_key registered
[    2.582309] Key type trusted registered
[    2.590326] Key type encrypted registered
[    2.610094] AppArmor: AppArmor sha1 policy hashing enabled
[    2.630601] ima: No TPM chip found, activating TPM-bypass! (rc=-19)
[    2.651609] ima: Allocated hash algorithm: sha1
[    2.653569] evm: HMAC attrs: 0x1
[    2.670371]   Magic number: 15:593:108
[    2.675176] rtc_cmos rtc_cmos: setting system clock to 2019-08-16 03:08:09 UTC (1565924889)
[    2.678660] BIOS EDD facility v0.16 2004-Jun-25, 0 devices found
[    2.681045] EDD information not available.
[    2.687340] Freeing unused kernel image memory: 2408K
[    2.696109] Write protecting the kernel read-only data: 20480k
[    2.722799] Freeing unused kernel image memory: 2008K
[    2.725468] Freeing unused kernel image memory: 1868K
[    2.742625] x86/mm: Checked W+X mappings: passed, no W+X pages found.
[    3.091630] x86/mm: Checking user space page tables
[    3.112690] x86/mm: Checked W+X mappings: passed, no W+X pages found.
Loading, please wait...
starting version 237
[    3.469060] Fusion MPT base driver 3.04.20
[    3.539775] Copyright (c) 1999-2008 LSI Corporation
[    3.590872] e1000: Intel(R) PRO/1000 Network Driver - version 7.3.21-k8-NAPI
[    3.709659] e1000: Copyright (c) 1999-2006 Intel Corporation.
[    3.870840] Fusion MPT SPI Host driver 3.04.20
[    3.891634] mptbase: ioc0: Initiating bringup
[    3.988663] ioc0: LSI53C1030 A0: Capabilities={Initiator}
[    4.003916] input: ImExPS/2 Generic Explorer Mouse as /devices/platform/i8042/serio1/input/input4
[    4.290959] scsi host2: ioc0: LSI53C1030 A0, FwRev=00000000h, Ports=1, MaxQ=256, IRQ=20
[    4.479306] scsi 2:0:0:0: Direct-Access     VBOX     HARDDISK         1.0  PQ: 0 ANSI: 5
[    4.574914] scsi target2:0:0: Beginning Domain Validation
[    4.603939] random: fast init done
[    4.613238] scsi target2:0:0: Domain Validation skipping write tests
[    4.627571] scsi target2:0:0: Ending Domain Validation
[    4.655885] scsi target2:0:0: asynchronous
[    4.686439] scsi 2:0:1:0: Direct-Access     VBOX     HARDDISK         1.0  PQ: 0 ANSI: 5
[    4.704874] scsi target2:0:1: Beginning Domain Validation
[    4.822535] scsi target2:0:1: Domain Validation skipping write tests
[    4.827135] scsi target2:0:1: Ending Domain Validation
[    4.838945] scsi target2:0:1: asynchronous
[    5.035034] sd 2:0:0:0: [sda] 20971520 512-byte logical blocks: (10.7 GB/10.0 GiB)
[    5.040822] sd 2:0:0:0: Attached scsi generic sg0 type 0
[    5.055537] sd 2:0:0:0: [sda] Write Protect is off
[    5.062049] random: systemd-udevd: uninitialized urandom read (16 bytes read)
[    5.105883] sd 2:0:0:0: [sda] Incomplete mode parameter data
[    5.110017] sd 2:0:0:0: [sda] Assuming drive cache: write through
[    5.125889] sd 2:0:1:0: Attached scsi generic sg1 type 0
[    5.132648] sd 2:0:1:0: [sdb] 20480 512-byte logical blocks: (10.5 MB/10.0 MiB)
[    5.173771] sd 2:0:1:0: [sdb] Write Protect is off
[    5.186682] sd 2:0:1:0: [sdb] Incomplete mode parameter data
[    5.216761] sd 2:0:1:0: [sdb] Assuming drive cache: write through
[    5.247258]  sda: sda1
[    5.262408] random: systemd-udevd: uninitialized urandom read (16 bytes read)
[    5.269378] sd 2:0:0:0: [sda] Attached SCSI disk
[    5.300392] random: systemd-udevd: uninitialized urandom read (16 bytes read)
[    5.407890] sd 2:0:1:0: [sdb] Attached SCSI disk
[    5.665546] e1000 0000:00:03.0 eth0: (PCI:33MHz:32-bit) 02:f6:70:42:12:5d
[    5.673128] e1000 0000:00:03.0 eth0: Intel(R) PRO/1000 Network Connection
[    6.404778] e1000 0000:00:08.0 eth1: (PCI:33MHz:32-bit) 08:00:27:e5:62:a6
[    6.445787] e1000 0000:00:08.0 eth1: Intel(R) PRO/1000 Network Connection
[    6.455036] e1000 0000:00:08.0 enp0s8: renamed from eth1
[    6.477801] e1000 0000:00:03.0 enp0s3: renamed from eth0
Begin: Loading essential drivers ... [    8.349184] raid6: sse2x1   gen()  3586 MB/s
[    8.419074] raid6: sse2x1   xor()  2705 MB/s
[    8.514104] raid6: sse2x2   gen()  4051 MB/s
[    8.599058] raid6: sse2x2   xor()  2863 MB/s
[    8.659116] raid6: sse2x4   gen()  6460 MB/s
[    8.719035] raid6: sse2x4   xor()  4073 MB/s
[    8.720891] raid6: using algorithm sse2x4 gen() 6460 MB/s
[    8.725340] raid6: .... xor() 4073 MB/s, rmw enabled
[    8.751038] raid6: using ssse3x2 recovery algorithm
[    8.770123] xor: automatically using best checksumming function   avx       
[    8.795237] async_tx: api initialized (async)
done.
Begin: Running /scripts/init-premount ... done.
Begin: Mounting root file system ... Begin: Running /scripts/local-top ... done.
Begin: Running /scripts/local-premount ... [    8.929710] Btrfs loaded, crc32c=crc32c-intel
Scanning for Btrfs filesystems
done.
Warning: fsck not present, so skipping root file system
[    9.402944] EXT4-fs (sda1): mounted filesystem with ordered data mode. Opts: (null)
done.
Begin: Running /scripts/local-bottom ... done.
Begin: Running /scripts/init-bottom ... done.
[   10.614256] random: crng init done
[   10.649724] random: 7 urandom warning(s) missed due to ratelimiting
[   12.514346] ip_tables: (C) 2000-2006 Netfilter Core Team
[   12.857367] systemd[1]: systemd 237 running in system mode. (+PAM +AUDIT +SELINUX +IMA +APPARMOR +SMACK +SYSVINIT +UTMP +LIBCRYPTSETUP +GCRYPT +GNUTLS +ACL +XZ +LZ4 +SECCOMP +BLKID +ELFUTILS +KMOD -IDN2 +IDN -PCRE2 default-hierarchy=hybrid)
[   12.967849] systemd[1]: Detected virtualization oracle.
[   12.989374] systemd[1]: Detected architecture x86-64.

Welcome to [1mUbuntu 18.04.3 LTS[0m!

[   13.095076] systemd[1]: Set hostname to <ubuntu>.
[   13.216228] systemd[1]: Initializing machine ID from random generator.
[   13.227880] systemd[1]: Installed transient /etc/machine-id file.
[   16.633752] systemd[1]: Reached target System Time Synchronized.
[[0;32m  OK  [0m] Reached target System Time Synchronized.
[   16.651905] systemd[1]: Reached target Swap.
[[0;32m  OK  [0m] Reached target Swap.
[   16.672533] systemd[1]: Started Forward Password Requests to Wall Directory Watch.
[[0;32m  OK  [0m] Started Forward Password Requests to Wall Directory Watch.
[   16.707389] systemd[1]: Created slice User and Session Slice.
[[0;32m  OK  [0m] Created slice User and Session Slice.
[[0;32m  OK  [0m] Created slice System Slice.
[[0;32m  OK  [0m] Reached target Slices.
[[0;32m  OK  [0m] Listening on Syslog Socket.
[[0;32m  OK  [0m] Listening on Device-mapper event daemon FIFOs.
[[0;32m  OK  [0m] Listening on LVM2 metadata daemon socket.
[[0;32m  OK  [0m] Created slice system-serial\x2dgetty.slice.
[[0;32m  OK  [0m] Listening on udev Control Socket.
[[0;32m  OK  [0m] Reached target User and Group Name Lookups.
[[0;32m  OK  [0m] Set up automount Arbitrary Executab…rmats File System Automount Point.
[[0;32m  OK  [0m] Listening on /dev/initctl Compatibility Named Pipe.
[[0;32m  OK  [0m] Listening on Journal Audit Socket.
[[0;32m  OK  [0m] Listening on LVM2 poll daemon socket.
[[0;32m  OK  [0m] Listening on Network Service Netlink Socket.
[[0;32m  OK  [0m] Listening on Journal Socket (/dev/log).
[[0;32m  OK  [0m] Listening on Journal Socket.
         Mounting POSIX Message Queue File System...
         Starting Remount Root and Kernel File Systems...
         Starting Monitoring of LVM2 mirrors…ng dmeventd or progress polling...
         Mounting Kernel Debug File System...
         Mounting Huge Pages File System...
[   17.265221] EXT4-fs (sda1): re-mounted. Opts: (null)
         Starting Load Kernel Modules...
         Starting Uncomplicated firewall...
         Starting Set the console keyboard layout...
         Starting Create list of required st…ce nodes for the current kernel...
         Starting Journal Service...
[[0;32m  OK  [0m] Listening on udev Kernel Socket.
         Starting udev Coldplug all Devices...
[   18.144913] systemd[1]: Mounted POSIX Message Queue File System.
[[0;32m  OK  [0m] Mounted POSIX Message Queue File System.
[   18.178294] systemd[1]: Started Remount Root and Kernel File Systems.
[[0;32m  OK  [0m] Started Remount Root and Kernel File Systems.
[   18.224780] systemd[1]: Mounted Kernel Debug File System.
[[0;32m  OK  [0m] Mounted Kernel Debug File System.
[   18.242832] systemd[1]: Mounted Huge Pages File System.
[[0;32m  OK  [0m] Mounted Huge Pages File System.
[   18.260765] systemd[1]: Started Create list of required static device nodes for the current kernel.
[[0;32m  OK  [0m] Started Create list of required sta…vice nodes for the current kernel.
[   18.307090] systemd[1]: Starting Create Static Device Nodes in /dev...
         Starting Create Static Device Nodes in /dev...
[   18.761132] systemd[1]: Starting Load/Save Random Seed...
         Starting Load/Save Random Seed...
[   18.811164] systemd[1]: Started Journal Service.
[[0;32m  OK  [0m] Started Journal Service.
[[0;32m  OK  [0m] Started Uncomplicated firewall.
         Starting Flush Journal to Persistent Storage...
[[0;32m  OK  [0m] Started Set the console keyboard layout.
[   19.217707] Loading iSCSI transport class v2.0-870.
[   19.288113] systemd-journald[367]: Received request to flush runtime journal from PID 1
[[0;32m  OK  [0m] Started udev Coldplug all Devices.
[[0;32m  OK  [0m] Started LVM2 metadata daemon.
[[0;32m  OK  [0m] Started Load/Save Random Seed.
[   19.692190] iscsi: registered transport (tcp)
[[0;32m  OK  [0m] Started Flush Journal to Persistent Storage.
[[0;32m  OK  [0m] Started Create Static Device Nodes in /dev.
[[0;32m  OK  [0m] Started Monitoring of LVM2 mirrors,…sing dmeventd or progress polling.
[[0;32m  OK  [0m] Reached target Local File Systems (Pre).
[[0;32m  OK  [0m] Reached target Local File Systems.
         Starting Create Volatile Files and Directories...
         Starting AppArmor initialization...
         Starting Tell Plymouth To Write Out Runtime Data...
         [   20.454505] iscsi: registered transport (iser)
Starting Set console font and keymap...
         Starting ebtables ruleset management...
         Starting Commit a transient machine-id on disk...
         Starting udev Kernel Device Manager...
[[0;32m  OK  [0m] Started Load Kernel Modules.
         Mounting Kernel Configuration File System...
         Starting Apply Kernel Variables...
         Mounting FUSE Control File System...
[[0;32m  OK  [0m] Mounted Kernel Configuration File System.
[[0;32m  OK  [0m] Mounted FUSE Control File System.
[[0;32m  OK  [0m] Started Tell Plymouth To Write Out Runtime Data.
[[0;32m  OK  [0m] Started Set console font and keymap.
[[0;32m  OK  [0m] Started Create Volatile Files and Directories.
         Starting Update UTMP about System Boot/Shutdown...
[[0;32m  OK  [0m] Started Commit a transient machine-id on disk.
[[0;32m  OK  [0m] Started Update UTMP about System Boot/Shutdown.
[[0;32m  OK  [0m] Started Apply Kernel Variables.
[[0;32m  OK  [0m] Started udev Kernel Device Manager.
[[0;32m  OK  [0m] Started Dispatch Password Requests to Console Directory Watch.
[[0;32m  OK  [0m] Reached target Local Encrypted Volumes.
[[0;32m  OK  [0m] Started ebtables ruleset management.
[[0;32m  OK  [0m] Found device /dev/ttyS0.
[[0;32m  OK  [0m] Listening on Load/Save RF Kill Switch Status /dev/rfkill Watch.
[[0;32m  OK  [0m] Started AppArmor initialization.
         Starting Initial cloud-init job (pre-networking)...
[   43.923820] cloud-init[511]: Cloud-init v. 19.1-1-gbaa47854-0ubuntu1~18.04.1 running 'init-local' at Fri, 16 Aug 2019 03:08:49 +0000. Up 42.28 seconds.
[[0;32m  OK  [0m] Started Initial cloud-init job (pre-networking).
[[0;32m  OK  [0m] Reached target Network (Pre).
         Starting Network Service...
[[0;32m  OK  [0m] Started Network Service.
         Starting Wait for Network to be Configured...
         Starting Network Name Resolution...
[[0;32m  OK  [0m] Started Network Name Resolution.
[[0;32m  OK  [0m] Reached target Network.
[[0;32m  OK  [0m] Reached target Host and Network Name Lookups.
[[0;32m  OK  [0m] Started Wait for Network to be Configured.
         Starting Initial cloud-init job (metadata service crawler)...
[   47.489906] cloud-init[617]: Cloud-init v. 19.1-1-gbaa47854-0ubuntu1~18.04.1 running 'init' at Fri, 16 Aug 2019 03:08:53 +0000. Up 46.93 seconds.
[   47.599801] cloud-init[617]: ci-info: ++++++++++++++++++++++++++++++++++++++Net device info+++++++++++++++++++++++++++++++++++++++
[   47.633532] cloud-init[617]: ci-info: +--------+-------+----------------------------+---------------+--------+-------------------+
[   47.659829] cloud-init[617]: ci-info: | Device |   Up  |          Address           |      Mask     | Scope  |     Hw-Address    |
[   47.708903] cloud-init[617]: ci-info: +--------+-------+----------------------------+---------------+--------+-------------------+
[   47.748550] cloud-init[617]: ci-info: | enp0s3 |  True |         10.0.2.15          | 255.255.255.0 | global | 02:f6:70:42:12:5d |
[   47.804413] cloud-init[617]: ci-info: | enp0s3 |  True | fe80::f6:70ff:fe42:125d/64 |       .       |  link  | 02:f6:70:42:12:5d |
[   47.880432] cloud-init[617]: ci-info: | enp0s8 | False |             .              |       .       |   .    | 08:00:27:e5:62:a6 |
[   47.935387] cloud-init[617]: ci-info: |   lo   |  True |         127.0.0.1          |   255.0.0.0   |  host  |         .         |
[   47.976347] cloud-init[617]: ci-info: |   lo   |  True |          ::1/128           |       .       |  host  |         .         |
[   48.004543] cloud-init[617]: ci-info: +--------+-------+----------------------------+---------------+--------+-------------------+
[   48.020391] cloud-init[617]: ci-info: ++++++++++++++++++++++++++++Route IPv4 info+++++++++++++++++++++++++++++
[   48.054102] cloud-init[617]: ci-info: +-------+-------------+----------+-----------------+-----------+-------+
[   48.073717] cloud-init[617]: ci-info: | Route | Destination | Gateway  |     Genmask     | Interface | Flags |
[   48.091166] cloud-init[617]: ci-info: +-------+-------------+----------+-----------------+-----------+-------+
[   48.140672] cloud-init[617]: ci-info: |   0   |   0.0.0.0   | 10.0.2.2 |     0.0.0.0     |   enp0s3  |   UG  |
[   48.157222] cloud-init[617]: ci-info: |   1   |   10.0.2.0  | 0.0.0.0  |  255.255.255.0  |   enp0s3  |   U   |
[   48.232441] cloud-init[617]: ci-info: |   2   |   10.0.2.2  | 0.0.0.0  | 255.255.255.255 |   enp0s3  |   UH  |
[   48.260885] cloud-init[617]: ci-info: +-------+-------------+----------+-----------------+-----------+-------+
[   48.292752] cloud-init[617]: ci-info: +++++++++++++++++++Route IPv6 info+++++++++++++++++++
[   48.320681] cloud-init[617]: ci-info: +-------+-------------+---------+-----------+-------+
[   48.329337] cloud-init[617]: ci-info: | Route | Destination | Gateway | Interface | Flags |
[   48.352675] cloud-init[617]: ci-info: +-------+-------------+---------+-----------+-------+
[   48.357711] cloud-init[617]: ci-info: |   1   |  fe80::/64  |    ::   |   enp0s3  |   U   |
[   48.388531] cloud-init[617]: ci-info: |   3   |    local    |    ::   |   enp0s3  |   U   |
[   48.447184] cloud-init[617]: ci-info: |   4   |   ff00::/8  |    ::   |   enp0s3  |   U   |
[   48.499005] cloud-init[617]: ci-info: +-------+-------------+---------+-----------+-------+
[   53.286530] cloud-init[617]: Generating public/private rsa key pair.
[   53.298549] cloud-init[617]: Your identification has been saved in /etc/ssh/ssh_host_rsa_key.
[   53.308418] cloud-init[617]: Your public key has been saved in /etc/ssh/ssh_host_rsa_key.pub.
[   53.332428] cloud-init[617]: The key fingerprint is:
[   53.398328] cloud-init[617]: SHA256:CfjpwGOEDtAhRtD0DZKRDEQgHB8ijbmPzY7LHq1XMGc root@ubuntu-bionic
[[0;32m  OK  [0m[   53.462366] cloud-init[617]: The key's randomart image is:
[   53.464022] cloud-init[617]: +---[RSA 2048]----+
[   53.464150] cloud-init[617]: |/^**.            |
[   53.464259] cloud-init[617]: |BoX+.+           |
[   53.464599] cloud-init[617]: |....+ o          |
[   53.464719] cloud-init[617]: |.o = E o .       |
[   53.464815] cloud-init[617]: | =. X o S        |
[   53.464910] cloud-init[617]: |. =. =           |
[   53.465031] cloud-init[617]: | + .. .          |
[   53.465134] cloud-init[617]: |o +.             |
[   53.465229] cloud-init[617]: |o=.              |
[   53.465331] cloud-init[617]: +----[SHA256]-----+
[   53.465431] cloud-init[617]: Generating public/private dsa key pair.
[   53.465527] cloud-init[617]: Your identification has been saved in /etc/ssh/ssh_host_dsa_key.
[   53.465628] cloud-init[617]: Your public key has been saved in /etc/ssh/ssh_host_dsa_key.pub.
[   53.465714] cloud-init[617]: The key fingerprint is:
[   53.465798] cloud-init[617]: SHA256:wuZ4TdSDbpG4iUJMQsZUq275qGeH8SOJyNRlVUbMRbg root@ubuntu-bionic
[   53.465882] cloud-init[617]: The key's randomart image is:
[   53.465964] cloud-init[617]: +---[DSA 1024]----+
[   53.466064] cloud-init[617]: |=+o.    =++o     |
[   53.466149] cloud-init[617]: |.=  .  o.B       |
[   53.466245] cloud-init[617]: |  o.  o = +      |
[   53.466338] cloud-init[617]: | ..  = = E .     |
[   53.466423] cloud-init[617]: | .o + * S        |
[   53.466506] cloud-init[617]: |..oo + =         |
[   53.466598] cloud-init[617]: |+= =. o .        |
[   53.466786] cloud-init[617]: |+.O +.           |
[   53.466912] cloud-init[617]: |o+ + .           |
[   53.467113] cloud-init[617]: +----[SHA256]-----+
[   53.467280] cloud-init[617]: Generating public/private ecdsa key pair.
[   53.467607] cloud-init[617]: Your identification has been saved in /etc/ssh/ssh_host_ecdsa_key.
[   53.467780] cloud-init[617]: Your public key has been saved in /etc/ssh/ssh_host_ecdsa_key.pub.
[   53.467936] cloud-init[617]: The key fingerprint is:
] Started Initial cloud-init job (metadata service crawler).
[[0;32m  OK  [0m] Reached target System Initialization.
[[0;32m  OK  [0m] Started Daily apt download activities.
[   53.474251] cloud-init[[0;32m  OK  [0m] Started Daily apt upgrade and clean activities.[617]: SHA256:4Lgwj5cGIXFsJS29CNC8C5Tg7eozNNNVB/cjUMSzAnE root@ubuntu-bionic
[   54.161354] cloud-init[617]: The key's randomart image is:
[   54.161527] cloud-init[617]: +---[ECDSA 256]---+
[   54.161722] cloud-init[617]: |*+++...E=+       |
[   54.162398] cloud-init[617]: |o=B.o...o+.      |
[   54.163930] cloud-init[617]: |o+.= .+ ..oo     |
[   54.164070] cloud-init[617]: |..+..+ o .. .    |

[   54.164404] cloud-init[617]: | .=oo . S        |
[[   54.360966] cloud-init[617]: | +oB o           |
[   54.362265] cloud-init[617]: |..+ *            |
[   54.362465] cloud-init[617]: |.o o             |
[   54.362782] cloud-init[617]: | .o              |
[   54.362971] cloud-init[617]: +----[SHA256]-----+
[   54.363115] cloud-init[617]: Generating public/private ed25519 key pair.
[   54.363220] cloud-init[617]: Your identification has been saved in /etc/ssh/ssh_host_ed25519_key.
[   54.363331] cloud-init[617]: Your public key has been saved in /etc/ssh/ssh_host_ed25519_key.pub.
[   54.363430] cloud-init[617]: The key fingerprint is:
[   54.363526] cloud-init[617]: SHA256:CtKSZ16qD6jNrcUbHL6QZSo7gg1l6I0Vc6TJC+xe3Ng root@ubuntu-bionic
[   54.363622] cloud-init[617]: The key's randomart image is:
[   54.363719] cloud-init[617]: +--[ED25519 256]--+
[   54.363834] cloud-init[617]: |    ..           |
[   54.363956] cloud-init[617]: |. .oo.           |
[   54.364069] cloud-init[617]: | + ++            |
[   54.364167] cloud-init[617]: |o =+=            |
[0;32m  OK  [0m] Listening on D-Bus System Message Bus Socket.
[   54.364561] cloud-init[617]: |.+B=OE. S        |
[   54.623175] cloud-init[617]: |o+./ = .         |
[   54.632790] cloud-init[617]: |++= O .          |
[   54.664660] cloud-init[617]: |==.* +           |
         [   54.724734] cloud-init[617]: |+.=o=            |
[   54.726118] cloud-init[617]: +----[SHA256]-----+
Starting LXD - unix socket.
[[0;32m  OK  [0m] Started Discard unused blocks once a week.
[[0;32m  OK  [0m] Started Message of the Day.
[[0;32m  OK  [0m] Listening on ACPID Listen Socket.
[[0;32m  OK  [0m] Started ACPI Events Check.
[[0;32m  OK  [0m] Reached target Paths.
         Starting Socket activation for snappy daemon.
[[0;32m  OK  [0m] Started Daily Cleanup of Temporary Directories.
[[0;32m  OK  [0m] Reached target Timers.
[[0;32m  OK  [0m] Listening on UUID daemon activation socket.
[[0;32m  OK  [0m] Listening on Open-iSCSI iscsid Socket.
[[0;32m  OK  [0m] Reached target Cloud-config availability.
[[0;32m  OK  [0m] Reached target Network is Online.
[[0;32m  OK  [0m] Reached target Remote File Systems (Pre).
[[0;32m  OK  [0m] Reached target Remote File Systems.
         Starting Availability of block devices...
[[0;32m  OK  [0m] Listening on LXD - unix socket.
[[0;32m  OK  [0m] Listening on Socket activation for snappy daemon.
[[0;32m  OK  [0m] Reached target Sockets.
[[0;32m  OK  [0m] Reached target Basic System.
[[0;32m  OK  [0m] Started FUSE filesystem for LXC.
[[0;32m  OK  [0m] Started Regular background program processing daemon.
         Starting Pollinate to seed the pseudo random number generator...
         Starting Virtualbox guest utils...
         Starting LSB: automatic crash report generation...
         Starting LSB: Record successful boot for GRUB...
         Starting System Logging Service...
[[0;32m  OK  [0m] Started irqbalance daemon.
         Starting Accounts Service...
         Starting Login Service...
         Starting LXD - container startup/shutdown...
         Starting Snappy daemon...
[[0;32m  OK  [0m] Started Deferred execution scheduler.
         Starting Permit User Sessions...
         Starting Dispatcher daemon for systemd-networkd...
[[0;32m  OK  [0m] Started D-Bus System Message Bus.
[[0;32m  OK  [0m] Started Login Service.
[[0;32m  OK  [0m] Started Unattended Upgrades Shutdown.
[[0;32m  OK  [0m] Started System Logging Service.
[[0;32m  OK  [0m] Started Availability of block devices.
[[0;32m  OK  [0m] Started Permit User Sessions.
         Starting Hold until boot process finishes up...
         Starting Terminate Plymouth Boot Screen...
[[0;32m  OK  [0m] Started Hold until boot process finishes up.
[[0;32m  OK  [0m] Started Terminate Plymouth Boot Screen.
         Starting Set console scheme...
[[0;32m  OK  [0m] Started Serial Getty on ttyS0.
         Starting Authorization Manager...
[[0;32m  OK  [0m] Started LSB: automatic crash report generation.
[[0;32m  OK  [0m] Started Set console scheme.
[[0;32m  OK  [0m] Created slice system-getty.slice.
[[0;32m  OK  [0m] Started Getty on tty1.
[[0;32m  OK  [0m] Reached target Login Prompts.
[[0;32m  OK  [0m] Started LSB: Record successful boot for GRUB.
[[0;32m  OK  [0m] Started Authorization Manager.
[[0;32m  OK  [0m] Started Accounts Service.
[[0;32m  OK  [0m] Started Virtualbox guest utils.
[[0;32m  OK  [0m] Started Dispatcher daemon for systemd-networkd.

Ubuntu 18.04.3 LTS ubuntu-bionic ttyS0

ubuntu-bionic login: [   83.943307] cloud-init[1315]: Cloud-init v. 19.1-1-gbaa47854-0ubuntu1~18.04.1 running 'modules:config' at Fri, 16 Aug 2019 03:09:28 +0000. Up 81.73 seconds.
ci-info: no authorized ssh keys fingerprints found for user ubuntu.
<14>Aug 16 03:09:32 ec2: 
<14>Aug 16 03:09:32 ec2: #############################################################
<14>Aug 16 03:09:32 ec2: -----BEGIN SSH HOST KEY FINGERPRINTS-----
<14>Aug 16 03:09:32 ec2: 1024 SHA256:wuZ4TdSDbpG4iUJMQsZUq275qGeH8SOJyNRlVUbMRbg root@ubuntu-bionic (DSA)
<14>Aug 16 03:09:32 ec2: 256 SHA256:4Lgwj5cGIXFsJS29CNC8C5Tg7eozNNNVB/cjUMSzAnE root@ubuntu-bionic (ECDSA)
<14>Aug 16 03:09:32 ec2: 256 SHA256:CtKSZ16qD6jNrcUbHL6QZSo7gg1l6I0Vc6TJC+xe3Ng root@ubuntu-bionic (ED25519)
<14>Aug 16 03:09:32 ec2: 2048 SHA256:CfjpwGOEDtAhRtD0DZKRDEQgHB8ijbmPzY7LHq1XMGc root@ubuntu-bionic (RSA)
<14>Aug 16 03:09:32 ec2: -----END SSH HOST KEY FINGERPRINTS-----
<14>Aug 16 03:09:32 ec2: #############################################################
-----BEGIN SSH HOST KEY KEYS-----
ecdsa-sha2-nistp256 AAAAE2VjZHNhLXNoYTItbmlzdHAyNTYAAAAIbmlzdHAyNTYAAABBBPl0CQXktbT9nnzpcLpGVjtsVu+Ts0IPoC+XOxIx1EGszkvWkJEOqaDsUUtHflmEeKLOHE17Qw5RXdxN0oWFMT8= root@ubuntu-bionic
ssh-ed25519 AAAAC3NzaC1lZDI1NTE5AAAAIBYKKIuYue9TeJ9jrs/aTYz8yB6OKFeZQeY5Pvdw/VGi root@ubuntu-bionic
ssh-rsa AAAAB3NzaC1yc2EAAAADAQABAAABAQC9p22pHN/2oiqfqgb27F6iO0NLah9dPoASD561d7CwL2zy4RtI5czmbWj4/f76HDzKKcs6/ECGW0R5IsbjOy/3Y+TMD7IMSCPDdd4tgZxWKb9fz5/y658+VvqMXjh3mQ0MwBFTQ54sBgx0bqCI6jlXHVdAszSh8SFHdGgi16XQgITigsFRoxJnrQDzkT25dmZPd59vlGLC+cO8BtaQ2U/NbDIiDKdmf7ZPZzy+4T7usz7k/DLgIbZ5Uvydw7S9ABXbM1CiL+Ur87dxWtxVmhG9oJ5tp6GoUwkIsO/zNXRBTccL8RUSsgimCEh8BaCobS88OJG5pgpCxk8dT3nRUGb5 root@ubuntu-bionic
-----END SSH HOST KEY KEYS-----
[   85.766802] cloud-init[1511]: Cloud-init v. 19.1-1-gbaa47854-0ubuntu1~18.04.1 running 'modules:final' at Fri, 16 Aug 2019 03:09:32 +0000. Up 85.22 seconds.
[   85.767071] cloud-init[1511]: ci-info: no authorized ssh keys fingerprints found for user ubuntu.
[   85.767261] cloud-init[1511]: Cloud-init v. 19.1-1-gbaa47854-0ubuntu1~18.04.1 finished at Fri, 16 Aug 2019 03:09:32 +0000. Datasource DataSourceNoCloud [seed=/dev/sdb][dsmode=net].  Up 85.74 seconds
